#
# A fatal error has been detected by the Java Runtime Environment:
#
#  EXCEPTION_ACCESS_VIOLATION (0xc0000005) at pc=0x0000000053a98f45, pid=14804, tid=14892
#
# JRE version: Java(TM) SE Runtime Environment (8.0_91-b14) (build 1.8.0_91-b14)
# Java VM: Java HotSpot(TM) 64-Bit Server VM (25.91-b14 mixed mode windows-amd64 compressed oops)
# Problematic frame:
# V  [jvm.dll+0x128f45]
#
# Failed to write core dump. Minidumps are not enabled by default on client versions of Windows
#
# If you would like to submit a bug report, please visit:
#   http://bugreport.java.com/bugreport/crash.jsp
#

---------------  T H R E A D  ---------------

Current thread (0x0000000017ac3800):  JavaThread "JDWP Transport Listener: dt_socket" daemon [_thread_in_vm, id=14892, stack(0x0000000019480000,0x0000000019580000)]

siginfo: ExceptionCode=0xc0000005, reading address 0xffffffffffffffff

Registers:
RAX=0x000000001957f101, RBX=0x0000000017ac3800, RCX=0x6d656c4564657400, RDX=0x0000000000000000
RSP=0x000000001957f100, RBP=0x6d656c4564657400, RSI=0x000000001957f218, RDI=0x0000000003109840
R8 =0x0000000017ac3800, R9 =0x0000000000008000, R10=0x0000000000000000, R11=0x000000001957f3f5
R12=0x0000000000000000, R13=0x0000000017ab87d8, R14=0x0000000000000000, R15=0x0000000000000000
RIP=0x0000000053a98f45, EFLAGS=0x0000000000010206

Top of Stack: (sp=0x000000001957f100)
0x000000001957f100:   0000000017ac3800 0000000017ac3800
0x000000001957f110:   000000001957f1c8 0000000053c9f32b
0x000000001957f120:   0000000017ac3800 0000000053cbbb8d
0x000000001957f130:   0000000000000000 0000000053919155
0x000000001957f140:   000000001a167350 000000005392291e
0x000000001957f150:   0000000017ac3800 0000000000000000
0x000000001957f160:   0000000000000000 0000000000000000
0x000000001957f170:   6d656c4564657400 0000000053921a15
0x000000001957f180:   000000001957f218 000000001957f1f0
0x000000001957f190:   0000000000000001 000000001a167350
0x000000001957f1a0:   6d656c4564657400 00000000539053b3
0x000000001957f1b0:   000000001957f2e0 0000000000000001
0x000000001957f1c0:   0000000000000001 000000001a167350
0x000000001957f1d0:   0000000000000001 0000000000000000
0x000000001957f1e0:   0000000000000000 0000000000000000
0x000000001957f1f0:   0000000000000001 0000000053905571 

Instructions: (pc=0x0000000053a98f45)
0x0000000053a98f25:   cc cc cc cc cc cc cc cc cc cc cc 48 83 ec 28 48
0x0000000053a98f35:   85 c9 75 07 33 c0 48 83 c4 28 c3 48 89 5c 24 20
0x0000000053a98f45:   48 8b 19 48 85 db 74 20 48 83 fb 37 74 1a 48 8b
0x0000000053a98f55:   13 48 8b cb ff 52 10 84 c0 74 0d 48 8b c3 48 8b 


Register to memory mapping:

RAX=0x000000001957f101 is pointing into the stack for thread: 0x0000000017ac3800
RBX=0x0000000017ac3800 is a thread
RCX=0x6d656c4564657400 is an unknown value
RDX=0x0000000000000000 is an unknown value
RSP=0x000000001957f100 is pointing into the stack for thread: 0x0000000017ac3800
RBP=0x6d656c4564657400 is an unknown value
RSI=0x000000001957f218 is pointing into the stack for thread: 0x0000000017ac3800
RDI=0x0000000003109840 is an unknown value
R8 =0x0000000017ac3800 is a thread
R9 =0x0000000000008000 is an unknown value
R10=0x0000000000000000 is an unknown value
R11=0x000000001957f3f5 is pointing into the stack for thread: 0x0000000017ac3800
R12=0x0000000000000000 is an unknown value
R13=0x0000000017ab87d8 is an unknown value
R14=0x0000000000000000 is an unknown value
R15=0x0000000000000000 is an unknown value


Stack: [0x0000000019480000,0x0000000019580000],  sp=0x000000001957f100,  free space=1020k
Native frames: (J=compiled Java code, j=interpreted, Vv=VM code, C=native code)
V  [jvm.dll+0x128f45]
V  [jvm.dll+0x34bb8d]
C  [jdwp.dll+0x21a15]
C  [jdwp.dll+0x53b3]
C  [jdwp.dll+0x5571]
C  [jdwp.dll+0xf0a8]
C  [jdwp.dll+0x1f2d5]
C  [jdwp.dll+0x1f4aa]
V  [jvm.dll+0x1bbf38]
V  [jvm.dll+0x243ae4]
V  [jvm.dll+0x29a99a]
C  [msvcr100.dll+0x21d9f]
C  [msvcr100.dll+0x21e3b]
C  [KERNEL32.DLL+0x8364]
C  [ntdll.dll+0x670d1]


---------------  P R O C E S S  ---------------

Java Threads: ( => current thread )
  0x000000001a54d800 JavaThread "Prism Font Disposer" daemon [_thread_blocked, id=15060, stack(0x000000001ebd0000,0x000000001ecd0000)]
  0x000000001a118800 JavaThread "Thread-3" daemon [_thread_in_native, id=14968, stack(0x000000001c980000,0x000000001ca80000)]
  0x000000001a0a0000 JavaThread "JavaFX-Launcher" [_thread_blocked, id=14972, stack(0x000000001ca80000,0x000000001cb80000)]
  0x0000000019c6e800 JavaThread "JavaFX Application Thread" [_thread_blocked, id=14948, stack(0x000000001ab90000,0x000000001ac90000)]
  0x000000001a08b000 JavaThread "Thread-1" daemon [_thread_blocked, id=14944, stack(0x000000001aa90000,0x000000001ab90000)]
  0x000000001a080800 JavaThread "QuantumRenderer-0" daemon [_thread_blocked, id=14940, stack(0x000000001a880000,0x000000001a980000)]
  0x00000000198da800 JavaThread "Service Thread" daemon [_thread_blocked, id=14924, stack(0x0000000019e80000,0x0000000019f80000)]
  0x0000000019897800 JavaThread "C1 CompilerThread2" daemon [_thread_blocked, id=14920, stack(0x0000000019d80000,0x0000000019e80000)]
  0x0000000017b0c800 JavaThread "C2 CompilerThread1" daemon [_thread_blocked, id=14916, stack(0x0000000019c80000,0x0000000019d80000)]
  0x0000000017ad4800 JavaThread "C2 CompilerThread0" daemon [_thread_blocked, id=14912, stack(0x0000000019780000,0x0000000019880000)]
  0x0000000017ac9000 JavaThread "JDWP Command Reader" daemon [_thread_in_native, id=14904, stack(0x0000000019680000,0x0000000019780000)]
  0x0000000017ac7800 JavaThread "JDWP Event Helper Thread" daemon [_thread_blocked, id=14900, stack(0x0000000019580000,0x0000000019680000)]
=>0x0000000017ac3800 JavaThread "JDWP Transport Listener: dt_socket" daemon [_thread_in_vm, id=14892, stack(0x0000000019480000,0x0000000019580000)]
  0x0000000017aae800 JavaThread "Attach Listener" daemon [_thread_blocked, id=14880, stack(0x0000000019040000,0x0000000019140000)]
  0x0000000017aad800 JavaThread "Signal Dispatcher" daemon [_thread_blocked, id=14876, stack(0x0000000018f40000,0x0000000019040000)]
  0x0000000017a9a800 JavaThread "Finalizer" daemon [_thread_blocked, id=14872, stack(0x0000000018d20000,0x0000000018e20000)]
  0x0000000003202800 JavaThread "Reference Handler" daemon [_thread_blocked, id=14868, stack(0x0000000018c20000,0x0000000018d20000)]
  0x000000000310e000 JavaThread "main" [_thread_blocked, id=14844, stack(0x0000000002ff0000,0x00000000030f0000)]

Other Threads:
  0x0000000017a77800 VMThread [stack: 0x0000000018b20000,0x0000000018c20000] [id=14864]
  0x00000000198e0000 WatcherThread [stack: 0x0000000019f80000,0x000000001a080000] [id=14928]

VM state:not at safepoint (normal execution)

VM Mutex/Monitor currently owned by a thread: None

Heap:
 PSYoungGen      total 36352K, used 14972K [0x00000000d7700000, 0x00000000daa00000, 0x0000000100000000)
  eden space 31232K, 31% used [0x00000000d7700000,0x00000000d80a7108,0x00000000d9580000)
  from space 5120K, 99% used [0x00000000d9580000,0x00000000d9a78020,0x00000000d9a80000)
  to   space 5120K, 0% used [0x00000000da500000,0x00000000da500000,0x00000000daa00000)
 ParOldGen       total 60928K, used 11269K [0x0000000086400000, 0x0000000089f80000, 0x00000000d7700000)
  object space 60928K, 18% used [0x0000000086400000,0x0000000086f01640,0x0000000089f80000)
 Metaspace       used 23319K, capacity 25122K, committed 25216K, reserved 1071104K
  class space    used 3315K, capacity 3670K, committed 3712K, reserved 1048576K

Card table byte_map: [0x00000000125d0000,0x00000000129a0000] byte_map_base: 0x000000001219e000

Marking Bits: (ParMarkBitMap*) 0x0000000054182f70
 Begin Bits: [0x0000000013030000, 0x0000000014ea0000)
 End Bits:   [0x0000000014ea0000, 0x0000000016d10000)

Polling page: 0x00000000019e0000

CodeCache: size=245760Kb used=12663Kb max_used=12663Kb free=233096Kb
 bounds [0x0000000003210000, 0x0000000003e80000, 0x0000000012210000]
 total_blobs=4384 nmethods=3696 adapters=607
 compilation: enabled

Compilation events (10 events):
Event: 9.358 Thread 0x0000000019897800 3702       3       java.lang.Exception::<init> (6 bytes)
Event: 9.358 Thread 0x0000000019897800 nmethod 3702 0x0000000003e714d0 code [0x0000000003e71640, 0x0000000003e71988]
Event: 9.358 Thread 0x0000000019897800 3701       3       java.util.LinkedList::isPositionIndex (18 bytes)
Event: 9.358 Thread 0x0000000019897800 nmethod 3701 0x0000000003e71a90 code [0x0000000003e71be0, 0x0000000003e71dd0]
Event: 9.358 Thread 0x0000000019897800 3703       3       sun.reflect.misc.MethodUtil::getMethod (11 bytes)
Event: 9.358 Thread 0x0000000019897800 nmethod 3703 0x0000000003e71e50 code [0x0000000003e72000, 0x0000000003e724a8]
Event: 9.358 Thread 0x0000000019897800 3704       3       com.sun.javafx.fxml.BeanAdapter::put (10 bytes)
Event: 9.359 Thread 0x0000000019897800 nmethod 3704 0x0000000003e72690 code [0x0000000003e72800, 0x0000000003e72aa8]
Event: 9.361 Thread 0x0000000019897800 3705       3       java.util.WeakHashMap$KeyIterator::next (8 bytes)
Event: 9.361 Thread 0x0000000019897800 nmethod 3705 0x0000000003e72b90 code [0x0000000003e72d20, 0x0000000003e73108]

GC Heap History (8 events):
Event: 1.342 GC heap before
{Heap before GC invocations=1 (full 0):
 PSYoungGen      total 36352K, used 31232K [0x00000000d7700000, 0x00000000d9f80000, 0x0000000100000000)
  eden space 31232K, 100% used [0x00000000d7700000,0x00000000d9580000,0x00000000d9580000)
  from space 5120K, 0% used [0x00000000d9a80000,0x00000000d9a80000,0x00000000d9f80000)
  to   space 5120K, 0% used [0x00000000d9580000,0x00000000d9580000,0x00000000d9a80000)
 ParOldGen       total 83456K, used 0K [0x0000000086400000, 0x000000008b580000, 0x00000000d7700000)
  object space 83456K, 0% used [0x0000000086400000,0x0000000086400000,0x000000008b580000)
 Metaspace       used 15918K, capacity 16598K, committed 16896K, reserved 1062912K
  class space    used 2282K, capacity 2484K, committed 2560K, reserved 1048576K
Event: 1.348 GC heap after
Heap after GC invocations=1 (full 0):
 PSYoungGen      total 36352K, used 5094K [0x00000000d7700000, 0x00000000d9f80000, 0x0000000100000000)
  eden space 31232K, 0% used [0x00000000d7700000,0x00000000d7700000,0x00000000d9580000)
  from space 5120K, 99% used [0x00000000d9580000,0x00000000d9a79b98,0x00000000d9a80000)
  to   space 5120K, 0% used [0x00000000d9a80000,0x00000000d9a80000,0x00000000d9f80000)
 ParOldGen       total 83456K, used 371K [0x0000000086400000, 0x000000008b580000, 0x00000000d7700000)
  object space 83456K, 0% used [0x0000000086400000,0x000000008645cdc8,0x000000008b580000)
 Metaspace       used 15918K, capacity 16598K, committed 16896K, reserved 1062912K
  class space    used 2282K, capacity 2484K, committed 2560K, reserved 1048576K
}
Event: 4.921 GC heap before
{Heap before GC invocations=2 (full 0):
 PSYoungGen      total 36352K, used 20100K [0x00000000d7700000, 0x00000000d9f80000, 0x0000000100000000)
  eden space 31232K, 48% used [0x00000000d7700000,0x00000000d85a7858,0x00000000d9580000)
  from space 5120K, 99% used [0x00000000d9580000,0x00000000d9a79b98,0x00000000d9a80000)
  to   space 5120K, 0% used [0x00000000d9a80000,0x00000000d9a80000,0x00000000d9f80000)
 ParOldGen       total 83456K, used 371K [0x0000000086400000, 0x000000008b580000, 0x00000000d7700000)
  object space 83456K, 0% used [0x0000000086400000,0x000000008645cdc8,0x000000008b580000)
 Metaspace       used 19846K, capacity 21124K, committed 21248K, reserved 1067008K
  class space    used 2957K, capacity 3241K, committed 3328K, reserved 1048576K
Event: 4.930 GC heap after
Heap after GC invocations=2 (full 0):
 PSYoungGen      total 36352K, used 5092K [0x00000000d7700000, 0x00000000d9f80000, 0x0000000100000000)
  eden space 31232K, 0% used [0x00000000d7700000,0x00000000d7700000,0x00000000d9580000)
  from space 5120K, 99% used [0x00000000d9a80000,0x00000000d9f79200,0x00000000d9f80000)
  to   space 5120K, 0% used [0x00000000d9580000,0x00000000d9580000,0x00000000d9a80000)
 ParOldGen       total 83456K, used 1563K [0x0000000086400000, 0x000000008b580000, 0x00000000d7700000)
  object space 83456K, 1% used [0x0000000086400000,0x0000000086586dc8,0x000000008b580000)
 Metaspace       used 19846K, capacity 21124K, committed 21248K, reserved 1067008K
  class space    used 2957K, capacity 3241K, committed 3328K, reserved 1048576K
}
Event: 4.930 GC heap before
{Heap before GC invocations=3 (full 1):
 PSYoungGen      total 36352K, used 5092K [0x00000000d7700000, 0x00000000d9f80000, 0x0000000100000000)
  eden space 31232K, 0% used [0x00000000d7700000,0x00000000d7700000,0x00000000d9580000)
  from space 5120K, 99% used [0x00000000d9a80000,0x00000000d9f79200,0x00000000d9f80000)
  to   space 5120K, 0% used [0x00000000d9580000,0x00000000d9580000,0x00000000d9a80000)
 ParOldGen       total 83456K, used 1563K [0x0000000086400000, 0x000000008b580000, 0x00000000d7700000)
  object space 83456K, 1% used [0x0000000086400000,0x0000000086586dc8,0x000000008b580000)
 Metaspace       used 19846K, capacity 21124K, committed 21248K, reserved 1067008K
  class space    used 2957K, capacity 3241K, committed 3328K, reserved 1048576K
Event: 4.970 GC heap after
Heap after GC invocations=3 (full 1):
 PSYoungGen      total 36352K, used 0K [0x00000000d7700000, 0x00000000d9f80000, 0x0000000100000000)
  eden space 31232K, 0% used [0x00000000d7700000,0x00000000d7700000,0x00000000d9580000)
  from space 5120K, 0% used [0x00000000d9a80000,0x00000000d9a80000,0x00000000d9f80000)
  to   space 5120K, 0% used [0x00000000d9580000,0x00000000d9580000,0x00000000d9a80000)
 ParOldGen       total 60928K, used 6238K [0x0000000086400000, 0x0000000089f80000, 0x00000000d7700000)
  object space 60928K, 10% used [0x0000000086400000,0x0000000086a17a18,0x0000000089f80000)
 Metaspace       used 19846K, capacity 21124K, committed 21248K, reserved 1067008K
  class space    used 2957K, capacity 3241K, committed 3328K, reserved 1048576K
}
Event: 7.834 GC heap before
{Heap before GC invocations=4 (full 1):
 PSYoungGen      total 36352K, used 31232K [0x00000000d7700000, 0x00000000d9f80000, 0x0000000100000000)
  eden space 31232K, 100% used [0x00000000d7700000,0x00000000d9580000,0x00000000d9580000)
  from space 5120K, 0% used [0x00000000d9a80000,0x00000000d9a80000,0x00000000d9f80000)
  to   space 5120K, 0% used [0x00000000d9580000,0x00000000d9580000,0x00000000d9a80000)
 ParOldGen       total 60928K, used 6238K [0x0000000086400000, 0x0000000089f80000, 0x00000000d7700000)
  object space 60928K, 10% used [0x0000000086400000,0x0000000086a17a18,0x0000000089f80000)
 Metaspace       used 22654K, capacity 24332K, committed 24576K, reserved 1071104K
  class space    used 3245K, capacity 3551K, committed 3584K, reserved 1048576K
Event: 7.850 GC heap after
Heap after GC invocations=4 (full 1):
 PSYoungGen      total 36352K, used 5088K [0x00000000d7700000, 0x00000000daa00000, 0x0000000100000000)
  eden space 31232K, 0% used [0x00000000d7700000,0x00000000d7700000,0x00000000d9580000)
  from space 5120K, 99% used [0x00000000d9580000,0x00000000d9a78020,0x00000000d9a80000)
  to   space 5120K, 0% used [0x00000000da500000,0x00000000da500000,0x00000000daa00000)
 ParOldGen       total 60928K, used 11269K [0x0000000086400000, 0x0000000089f80000, 0x00000000d7700000)
  object space 60928K, 18% used [0x0000000086400000,0x0000000086f01640,0x0000000089f80000)
 Metaspace       used 22654K, capacity 24332K, committed 24576K, reserved 1071104K
  class space    used 3245K, capacity 3551K, committed 3584K, reserved 1048576K
}

Deoptimization events (10 events):
Event: 7.514 Thread 0x0000000019c6e800 Uncommon trap: reason=null_check action=make_not_entrant pc=0x0000000003b6e0d8 method=javafx.scene.CssStyleHelper.getCachedFont(Ljavafx/css/Styleable;)Lcom/sun/javafx/css/CalculatedValue; @ 1
Event: 7.819 Thread 0x0000000019c6e800 Uncommon trap: reason=unstable_if action=reinterpret pc=0x0000000003c8cce0 method=javafx.scene.CssStyleHelper.canReuseStyleHelper(Ljavafx/scene/Node;Lcom/sun/javafx/css/StyleMap;)Z @ 178
Event: 8.096 Thread 0x000000001a080800 Uncommon trap: reason=unstable_if action=reinterpret pc=0x0000000003a3bd88 method=com.sun.javafx.geom.RectBounds.isEmpty()Z @ 21
Event: 8.647 Thread 0x0000000019c6e800 Uncommon trap: reason=unstable_if action=reinterpret pc=0x0000000003af5e5c method=javafx.scene.Node$MiscProperties.isDisable()Z @ 4
Event: 8.648 Thread 0x0000000019c6e800 Uncommon trap: reason=unstable_if action=reinterpret pc=0x0000000003ae38cc method=javafx.scene.Node$MiscProperties.isDisable()Z @ 4
Event: 8.879 Thread 0x0000000019c6e800 Uncommon trap: reason=unstable_if action=reinterpret pc=0x0000000003ae548c method=javafx.scene.Node.impl_intersectsBounds(Lcom/sun/javafx/geom/PickRay;)D @ 902
Event: 9.351 Thread 0x0000000019c6e800 Uncommon trap: reason=range_check action=none pc=0x0000000003778e5c method=sun.reflect.generics.parser.SignatureParser.current()C @ 34
Event: 9.351 Thread 0x0000000019c6e800 Uncommon trap: reason=range_check action=none pc=0x0000000003778e5c method=sun.reflect.generics.parser.SignatureParser.current()C @ 34
Event: 9.352 Thread 0x0000000019c6e800 Uncommon trap: reason=range_check action=none pc=0x0000000003778e5c method=sun.reflect.generics.parser.SignatureParser.current()C @ 34
Event: 9.362 Thread 0x0000000019c6e800 Uncommon trap: reason=bimorphic action=maybe_recompile pc=0x0000000003e64904 method=com.sun.javafx.event.EventHandlerManager.fixEventSource(Ljavafx/event/Event;Ljava/lang/Object;)Ljavafx/event/Event; @ 1

Internal exceptions (10 events):
Event: 1.316 Thread 0x0000000019c6e800 Implicit null exception at 0x00000000034fb434 to 0x00000000034fb765
Event: 1.316 Thread 0x0000000019c6e800 Implicit null exception at 0x000000000353df9e to 0x000000000353ec91
Event: 4.619 Thread 0x0000000019c6e800 Exception <a 'java/lang/ArrayIndexOutOfBoundsException'> (0x00000000d7e092c0) thrown at [C:\re\workspace\8-2-build-windows-amd64-cygwin\jdk8u91\6644\hotspot\src\share\vm\runtime\sharedRuntime.cpp, line 605]
Event: 4.661 Thread 0x0000000019c6e800 Exception <a 'java/lang/ArrayIndexOutOfBoundsException'> (0x00000000d7f472b8) thrown at [C:\re\workspace\8-2-build-windows-amd64-cygwin\jdk8u91\6644\hotspot\src\share\vm\runtime\sharedRuntime.cpp, line 605]
Event: 4.661 Thread 0x0000000019c6e800 Exception <a 'java/lang/ArrayIndexOutOfBoundsException'> (0x00000000d7f484a0) thrown at [C:\re\workspace\8-2-build-windows-amd64-cygwin\jdk8u91\6644\hotspot\src\share\vm\runtime\sharedRuntime.cpp, line 605]
Event: 4.661 Thread 0x0000000019c6e800 Exception <a 'java/lang/ArrayIndexOutOfBoundsException'> (0x00000000d7f49ef8) thrown at [C:\re\workspace\8-2-build-windows-amd64-cygwin\jdk8u91\6644\hotspot\src\share\vm\runtime\sharedRuntime.cpp, line 605]
Event: 7.514 Thread 0x0000000019c6e800 Implicit null exception at 0x0000000003b60064 to 0x0000000003b6e0bd
Event: 9.351 Thread 0x0000000019c6e800 Exception <a 'java/lang/ArrayIndexOutOfBoundsException': 83> (0x00000000d7fdf148) thrown at [C:\re\workspace\8-2-build-windows-amd64-cygwin\jdk8u91\6644\hotspot\src\share\vm\interpreter\interpreterRuntime.cpp, line 366]
Event: 9.351 Thread 0x0000000019c6e800 Exception <a 'java/lang/ArrayIndexOutOfBoundsException': 52> (0x00000000d7fe0528) thrown at [C:\re\workspace\8-2-build-windows-amd64-cygwin\jdk8u91\6644\hotspot\src\share\vm\interpreter\interpreterRuntime.cpp, line 366]
Event: 9.352 Thread 0x0000000019c6e800 Exception <a 'java/lang/ArrayIndexOutOfBoundsException': 147> (0x00000000d7fe26e0) thrown at [C:\re\workspace\8-2-build-windows-amd64-cygwin\jdk8u91\6644\hotspot\src\share\vm\interpreter\interpreterRuntime.cpp, line 366]

Events (10 events):
Event: 9.362 Thread 0x0000000019c6e800 DEOPT PACKING pc=0x0000000003e64904 sp=0x000000001ac87a80
Event: 9.362 Thread 0x0000000019c6e800 DEOPT UNPACKING pc=0x000000000325582a sp=0x000000001ac87aa0 mode 2
Event: 9.362 loading class javafx/scene/control/TreeTableColumn$CellDataFeatures
Event: 9.362 loading class javafx/scene/control/TreeTableColumn$CellDataFeatures done
Event: 9.362 loading class javafx/scene/control/TreeTableColumn$CellDataFeatures
Event: 9.362 loading class javafx/scene/control/TreeTableColumn$CellDataFeatures done
Event: 9.362 loading class javafx/util/Callback
Event: 9.362 loading class javafx/util/Callback done
Event: 70.503 Executing VM operation: RedefineClasses
Event: 70.556 Executing VM operation: RedefineClasses done


Dynamic libraries:
0x00007ff6d2ea0000 - 0x00007ff6d2ed7000 	C:\Program Files\Java\jre1.8.0_91\bin\javaw.exe
0x00007ff9c85f0000 - 0x00007ff9c87c1000 	C:\WINDOWS\SYSTEM32\ntdll.dll
0x00007ff9c77c0000 - 0x00007ff9c786c000 	C:\WINDOWS\System32\KERNEL32.DLL
0x00007ff9c4e30000 - 0x00007ff9c504d000 	C:\WINDOWS\System32\KERNELBASE.dll
0x00007ff9c5e00000 - 0x00007ff9c5ea2000 	C:\WINDOWS\System32\ADVAPI32.dll
0x00007ff9c5bf0000 - 0x00007ff9c5c8e000 	C:\WINDOWS\System32\msvcrt.dll
0x00007ff9c7b70000 - 0x00007ff9c7bc9000 	C:\WINDOWS\System32\sechost.dll
0x00007ff9c7870000 - 0x00007ff9c7991000 	C:\WINDOWS\System32\RPCRT4.dll
0x00007ff9c7a00000 - 0x00007ff9c7b65000 	C:\WINDOWS\System32\USER32.dll
0x00007ff9c4cc0000 - 0x00007ff9c4cde000 	C:\WINDOWS\System32\win32u.dll
0x00007ff9c7590000 - 0x00007ff9c75c4000 	C:\WINDOWS\System32\GDI32.dll
0x00007ff9c5990000 - 0x00007ff9c5b10000 	C:\WINDOWS\System32\gdi32full.dll
0x00007ff9b9900000 - 0x00007ff9b9b7a000 	C:\WINDOWS\WinSxS\amd64_microsoft.windows.common-controls_6595b64144ccf1df_6.0.14393.953_none_42151e83c686086b\COMCTL32.dll
0x00007ff9c7c00000 - 0x00007ff9c7ec8000 	C:\WINDOWS\System32\combase.dll
0x00007ff9c57e0000 - 0x00007ff9c58d5000 	C:\WINDOWS\System32\ucrtbase.dll
0x00007ff9c5b10000 - 0x00007ff9c5b7a000 	C:\WINDOWS\System32\bcryptPrimitives.dll
0x00007ff9c7bd0000 - 0x00007ff9c7bfe000 	C:\WINDOWS\System32\IMM32.DLL
0x0000000054210000 - 0x00000000542e2000 	C:\Program Files\Java\jre1.8.0_91\bin\msvcr100.dll
0x0000000053970000 - 0x0000000054203000 	C:\Program Files\Java\jre1.8.0_91\bin\server\jvm.dll
0x00007ff9c5eb0000 - 0x00007ff9c5eb8000 	C:\WINDOWS\System32\PSAPI.DLL
0x00007ff9b3a60000 - 0x00007ff9b3a69000 	C:\WINDOWS\SYSTEM32\WSOCK32.dll
0x00007ff9c2ac0000 - 0x00007ff9c2ae3000 	C:\WINDOWS\SYSTEM32\WINMM.dll
0x00007ff9c7630000 - 0x00007ff9c769a000 	C:\WINDOWS\System32\WS2_32.dll
0x00007ff9b6160000 - 0x00007ff9b616a000 	C:\WINDOWS\SYSTEM32\VERSION.dll
0x00007ff9c26b0000 - 0x00007ff9c26db000 	C:\WINDOWS\SYSTEM32\WINMMBASE.dll
0x00007ff9c58e0000 - 0x00007ff9c5922000 	C:\WINDOWS\System32\cfgmgr32.dll
0x0000000055a40000 - 0x0000000055a4f000 	C:\Program Files\Java\jre1.8.0_91\bin\verify.dll
0x0000000053940000 - 0x0000000053969000 	C:\Program Files\Java\jre1.8.0_91\bin\java.dll
0x0000000053900000 - 0x0000000053935000 	C:\Program Files\Java\jre1.8.0_91\bin\jdwp.dll
0x0000000054550000 - 0x0000000054558000 	C:\Program Files\Java\jre1.8.0_91\bin\npt.dll
0x00000000538e0000 - 0x00000000538f6000 	C:\Program Files\Java\jre1.8.0_91\bin\zip.dll
0x00007ff9c5ec0000 - 0x00007ff9c73c8000 	C:\WINDOWS\System32\SHELL32.dll
0x00007ff9c5100000 - 0x00007ff9c57da000 	C:\WINDOWS\System32\windows.storage.dll
0x00007ff9c4a60000 - 0x00007ff9c4aac000 	C:\WINDOWS\System32\powrprof.dll
0x00007ff9c79a0000 - 0x00007ff9c79f2000 	C:\WINDOWS\System32\shlwapi.dll
0x00007ff9c4ae0000 - 0x00007ff9c4aef000 	C:\WINDOWS\System32\kernel.appcore.dll
0x00007ff9c5050000 - 0x00007ff9c50f9000 	C:\WINDOWS\System32\shcore.dll
0x00007ff9c4ac0000 - 0x00007ff9c4ad4000 	C:\WINDOWS\System32\profapi.dll
0x0000000054540000 - 0x0000000054549000 	C:\Program Files\Java\jre1.8.0_91\bin\dt_socket.dll
0x00007ff9b07e0000 - 0x00007ff9b07f6000 	C:\WINDOWS\system32\napinsp.dll
0x00007ff9b0800000 - 0x00007ff9b081a000 	C:\WINDOWS\system32\pnrpnsp.dll
0x00007ff9befd0000 - 0x00007ff9befe8000 	C:\WINDOWS\system32\NLAapi.dll
0x00007ff9c4390000 - 0x00007ff9c43ec000 	C:\WINDOWS\System32\mswsock.dll
0x00007ff9c4150000 - 0x00007ff9c41f1000 	C:\WINDOWS\SYSTEM32\DNSAPI.dll
0x00007ff9c5df0000 - 0x00007ff9c5df8000 	C:\WINDOWS\System32\NSI.dll
0x00007ff9c4110000 - 0x00007ff9c4148000 	C:\WINDOWS\SYSTEM32\IPHLPAPI.DLL
0x00007ff9b0820000 - 0x00007ff9b082e000 	C:\WINDOWS\System32\winrnr.dll
0x00007ff9b0830000 - 0x00007ff9b0845000 	C:\WINDOWS\System32\wshbth.dll
0x00007ff9bcee0000 - 0x00007ff9bcf4a000 	C:\WINDOWS\System32\fwpuclnt.dll
0x00007ff9c49a0000 - 0x00007ff9c49cb000 	C:\WINDOWS\SYSTEM32\bcrypt.dll
0x00007ff9bbdd0000 - 0x00007ff9bbdda000 	C:\Windows\System32\rasadhlp.dll
0x00007ff9a47e0000 - 0x00007ff9a48cf000 	C:\Program Files\Java\jre1.8.0_91\bin\msvcr120.dll
0x00007ff9ac090000 - 0x00007ff9ac136000 	C:\Program Files\Java\jre1.8.0_91\bin\msvcp120.dll
0x00000000538b0000 - 0x00000000538d3000 	C:\Program Files\Java\jre1.8.0_91\bin\prism_d3d.dll
0x00007ff99b4d0000 - 0x00007ff99b65d000 	C:\WINDOWS\system32\d3d9.dll
0x00007ff9c2f70000 - 0x00007ff9c2f96000 	C:\WINDOWS\SYSTEM32\dwmapi.dll
0x00007ff9c31e0000 - 0x00007ff9c3275000 	C:\WINDOWS\system32\uxtheme.dll
0x00007ff9745d0000 - 0x00007ff97503e000 	C:\WINDOWS\SYSTEM32\igdumdim64.dll
0x00007ff9bfdb0000 - 0x00007ff9c0214000 	C:\WINDOWS\SYSTEM32\igdusc64.dll
0x0000000053860000 - 0x00000000538a3000 	C:\Program Files\Java\jre1.8.0_91\bin\glass.dll
0x00007ff9c7490000 - 0x00007ff9c758a000 	C:\WINDOWS\System32\COMDLG32.dll
0x00007ff9c84b0000 - 0x00007ff9c85e8000 	C:\WINDOWS\System32\ole32.dll
0x00007ff9c73d0000 - 0x00007ff9c748f000 	C:\WINDOWS\System32\OLEAUT32.dll
0x00007ff9c4ce0000 - 0x00007ff9c4d7c000 	C:\WINDOWS\System32\msvcp_win.dll
0x00007ff9c5c90000 - 0x00007ff9c5dea000 	C:\WINDOWS\System32\MSCTF.dll
0x0000000053620000 - 0x000000005363a000 	C:\Program Files\Java\jre1.8.0_91\bin\net.dll
0x0000000053600000 - 0x0000000053614000 	C:\Program Files\Java\jre1.8.0_91\bin\javafx_font.dll
0x00007ff9b6f10000 - 0x00007ff9b7179000 	C:\WINDOWS\SYSTEM32\dwrite.dll
0x00007ff9c76c0000 - 0x00007ff9c775f000 	C:\WINDOWS\System32\clbcatq.dll
0x00007ff9bf3f0000 - 0x00007ff9bf598000 	C:\WINDOWS\SYSTEM32\WindowsCodecs.dll
0x00007ff9b79f0000 - 0x00007ff9b7a39000 	C:\WINDOWS\system32\dataexchange.dll
0x00007ff9c0380000 - 0x00007ff9c0636000 	C:\WINDOWS\system32\d3d11.dll
0x00007ff9c0220000 - 0x00007ff9c0371000 	C:\WINDOWS\system32\dcomp.dll
0x00007ff9c39e0000 - 0x00007ff9c3a7f000 	C:\WINDOWS\system32\dxgi.dll
0x00007ff9c34b0000 - 0x00007ff9c35cc000 	C:\WINDOWS\system32\twinapi.appcore.dll
0x00007ff9b6830000 - 0x00007ff9b6862000 	C:\Program Files\Common Files\Microsoft Shared\Ink\rtscom.dll
0x00000000535e0000 - 0x00000000535f1000 	C:\Program Files\Java\jre1.8.0_91\bin\prism_common.dll
0x00007ff9be580000 - 0x00007ff9be712000 	C:\WINDOWS\SYSTEM32\dbghelp.dll

VM Arguments:
jvm_args: -agentlib:jdwp=transport=dt_socket,suspend=y,address=localhost:2106 -Dfile.encoding=Cp1252 
java_command: gui.MainMenu
java_class_path (initial): C:\Users\marku\git\SE2_POM\POM\bin;C:\Users\marku\eclipse\java-neon\eclipse\configuration\org.eclipse.osgi\168\data\-1838583853\plugins\org.eclipse.fx.ide.css.jfx8_2.4.0.201605112122.jar;C:\Users\marku\git\SE2_POM\POM\postgresql-42.1.1.jar;C:\Users\marku\git\SE2_POM\POM\src\tests\log4j.jar;C:\Users\marku\.p2\pool\plugins\org.junit_4.12.0.v201504281640\junit.jar;C:\Users\marku\.p2\pool\plugins\org.hamcrest.core_1.3.0.v201303031735.jar
Launcher Type: SUN_STANDARD

Environment Variables:
PATH=C:/Program Files/Java/jre1.8.0_131/bin/server;C:/Program Files/Java/jre1.8.0_131/bin;C:/Program Files/Java/jre1.8.0_131/lib/amd64;C:\ProgramData\Oracle\Java\javapath;C:\WINDOWS\system32;C:\WINDOWS;C:\WINDOWS\System32\Wbem;C:\WINDOWS\System32\WindowsPowerShell\v1.0\;C:\WINDOWS\system32\config\systemprofile\.dnx\bin;C:\Program Files\Microsoft DNX\Dnvm\;C:\Program Files\Microsoft SQL Server\120\Tools\Binn\;C:\Program Files (x86)\Skype\Phone\;C:\Program Files\Java\jdk1.8.0_77\bin\;C:\Program Files\Microsoft SQL Server\130\Tools\Binn\;C:\Program Files (x86)\Windows Kits\8.1\Windows Performance Toolkit\;C:\Program Files (x86)\Microsoft SQL Server\Client SDK\ODBC\130\Tools\Binn\;C:\Program Files (x86)\Microsoft SQL Server\130\Tools\Binn\;C:\Program Files (x86)\Microsoft SQL Server\130\DTS\Binn\;C:\Program Files (x86)\Microsoft SQL Server\130\Tools\Binn\ManagementStudio\;C:\Program Files\nodejs\;C:\Program Files (x86)\SQL Anywhere 16\Bin32\;C:\Users\marku\AppData\Local\Microsoft\WindowsApps;C:\Users\marku\AppData\Roaming\npm;C:\Users\marku\AppData\Local\atom\bin;C:\WINDOWS\System32;
USERNAME=marku
OS=Windows_NT
PROCESSOR_IDENTIFIER=Intel64 Family 6 Model 58 Stepping 9, GenuineIntel



---------------  S Y S T E M  ---------------

OS: Windows 10.0 , 64 bit Build 14393 (10.0.14393.1198)

CPU:total 4 (2 cores per cpu, 2 threads per core) family 6 model 58 stepping 9, cmov, cx8, fxsr, mmx, sse, sse2, sse3, ssse3, sse4.1, sse4.2, popcnt, avx, aes, clmul, erms, ht, tsc, tscinvbit, tscinv

Memory: 4k page, physical 7972820k(2823876k free), swap 9218004k(2118292k free)

vm_info: Java HotSpot(TM) 64-Bit Server VM (25.91-b14) for windows-amd64 JRE (1.8.0_91-b14), built on Apr  1 2016 00:58:32 by "java_re" with MS VC++ 10.0 (VS2010)

time: Mon Jun 19 16:06:19 2017
elapsed time: 70 seconds (0d 0h 1m 10s)

